{"app":"PHP","message":"touch(): Unable to create file K:\/ArcherVMPeridot\/htdocs\/owncloud-serv\/data\/owncloud.log because No such file or directory at K:\\ArcherVMPeridot\\htdocs\\owncloud-serv\\lib\\private\\log\\owncloud.php#49","level":3,"time":"2014-09-03T21:11:33+00:00"}
{"app":"core","message":"isWebDAVWorking: NO - Reason: [CURL] Error while making request: Operation timed out after 10000 milliseconds with 0 bytes received (error code: 28) (Sabre\\DAV\\Exception)","level":2,"time":"2014-09-20T23:27:58+00:00"}
{"app":"documents","message":"Pure configuration issue. Missing open office binary that is mandatory for conversion.","level":2,"time":"2014-09-20T23:32:40+00:00"}
{"app":"core","message":"Unable to parse OCS content for app 166038","level":4,"time":"2014-09-20T23:34:36+00:00"}
{"app":"core","message":"Unable to parse OCS content for app 166043","level":4,"time":"2014-09-20T23:34:37+00:00"}
{"app":"core","message":"Unable to parse OCS content for app 166044","level":4,"time":"2014-09-20T23:34:37+00:00"}
{"app":"core","message":"Unable to parse OCS content for app 166045","level":4,"time":"2014-09-20T23:34:37+00:00"}
{"app":"core","message":"Unable to parse OCS content for app 166049","level":4,"time":"2014-09-20T23:34:37+00:00"}
{"app":"core","message":"Unable to parse OCS content for app 166050","level":4,"time":"2014-09-20T23:34:37+00:00"}
{"app":"core","message":"Unable to parse OCS content for app 166051","level":4,"time":"2014-09-20T23:34:37+00:00"}
{"app":"core","message":"Unable to parse OCS content for app 166052","level":4,"time":"2014-09-20T23:34:37+00:00"}
{"app":"core","message":"Unable to parse OCS content for app 166053","level":4,"time":"2014-09-20T23:34:37+00:00"}
{"app":"core","message":"Unable to parse OCS content for app 166054","level":4,"time":"2014-09-20T23:34:37+00:00"}
{"app":"core","message":"Unable to parse OCS content for app 166055","level":4,"time":"2014-09-20T23:34:38+00:00"}
{"app":"core","message":"Unable to parse OCS content for app 166056","level":4,"time":"2014-09-20T23:34:38+00:00"}
{"app":"core","message":"Unable to parse OCS content for app 166057","level":4,"time":"2014-09-20T23:34:38+00:00"}
{"app":"core","message":"Unable to parse OCS content for app 166059","level":4,"time":"2014-09-20T23:34:38+00:00"}
{"app":"core","message":"Unable to parse OCS content for app 166038","level":4,"time":"2014-09-20T23:34:45+00:00"}
{"app":"core","message":"Unable to parse OCS content for app 166043","level":4,"time":"2014-09-20T23:34:45+00:00"}
{"app":"core","message":"Unable to parse OCS content for app 166044","level":4,"time":"2014-09-20T23:34:45+00:00"}
{"app":"core","message":"Unable to parse OCS content for app 166045","level":4,"time":"2014-09-20T23:34:45+00:00"}
{"app":"core","message":"Unable to parse OCS content for app 166049","level":4,"time":"2014-09-20T23:34:45+00:00"}
{"app":"core","message":"Unable to parse OCS content for app 166050","level":4,"time":"2014-09-20T23:34:45+00:00"}
{"app":"core","message":"Unable to parse OCS content for app 166051","level":4,"time":"2014-09-20T23:34:45+00:00"}
{"app":"core","message":"Unable to parse OCS content for app 166052","level":4,"time":"2014-09-20T23:34:45+00:00"}
{"app":"core","message":"Unable to parse OCS content for app 166053","level":4,"time":"2014-09-20T23:34:45+00:00"}
{"app":"core","message":"Unable to parse OCS content for app 166054","level":4,"time":"2014-09-20T23:34:45+00:00"}
{"app":"core","message":"Unable to parse OCS content for app 166055","level":4,"time":"2014-09-20T23:34:45+00:00"}
{"app":"core","message":"Unable to parse OCS content for app 166056","level":4,"time":"2014-09-20T23:34:45+00:00"}
{"app":"core","message":"Unable to parse OCS content for app 166057","level":4,"time":"2014-09-20T23:34:46+00:00"}
{"app":"core","message":"Unable to parse OCS content for app 166059","level":4,"time":"2014-09-20T23:34:46+00:00"}
{"app":"core","message":"Unable to parse OCS content for app admin_dependencies_chk","level":4,"time":"2014-09-20T23:35:29+00:00"}
{"app":"core","message":"Unable to parse OCS content for app user_ldap","level":4,"time":"2014-09-20T23:35:35+00:00"}
{"app":"core","message":"Unable to parse OCS content for app bookmarks","level":4,"time":"2014-09-20T23:35:56+00:00"}
{"app":"core","message":"Unable to parse OCS content for app external","level":4,"time":"2014-09-20T23:36:04+00:00"}
{"app":"core","message":"Unable to parse OCS content for app user_external","level":4,"time":"2014-09-20T23:36:10+00:00"}
{"app":"core","message":"Unable to parse OCS content for app files_external","level":4,"time":"2014-09-20T23:36:16+00:00"}
{"app":"core","message":"Unable to parse OCS content for app files_encryption","level":4,"time":"2014-09-20T23:36:24+00:00"}
{"app":"PHP","message":"Cannot redeclare _PEAR_call_destructors() (previously declared in K:\\ArcherVMPeridot\\php\\pear\\PEAR.php:735) at K:\\ArcherVMPeridot\\htdocs\\owncloud-serv\\3rdparty\\PEAR.php#777","level":3,"time":"2014-09-20T23:36:29+00:00"}
{"app":"PHP","message":"Cannot redeclare _PEAR_call_destructors() (previously declared in K:\\ArcherVMPeridot\\php\\pear\\PEAR.php:735) at K:\\ArcherVMPeridot\\htdocs\\owncloud-serv\\3rdparty\\PEAR.php#777","level":3,"time":"2014-09-20T23:36:39+00:00"}
{"app":"PHP","message":"Cannot redeclare _PEAR_call_destructors() (previously declared in K:\\ArcherVMPeridot\\php\\pear\\PEAR.php:735) at K:\\ArcherVMPeridot\\htdocs\\owncloud-serv\\3rdparty\\PEAR.php#777","level":3,"time":"2014-09-20T23:36:43+00:00"}
{"app":"PHP","message":"Cannot redeclare _PEAR_call_destructors() (previously declared in K:\\ArcherVMPeridot\\php\\pear\\PEAR.php:735) at K:\\ArcherVMPeridot\\htdocs\\owncloud-serv\\3rdparty\\PEAR.php#777","level":3,"time":"2014-09-20T23:47:02+00:00"}
{"app":"PHP","message":"Cannot redeclare _PEAR_call_destructors() (previously declared in K:\\ArcherVMPeridot\\php\\pear\\PEAR.php:735) at K:\\ArcherVMPeridot\\htdocs\\owncloud-serv\\3rdparty\\PEAR.php#777","level":3,"time":"2014-09-20T23:48:27+00:00"}
{"app":"PHP","message":"Cannot redeclare _PEAR_call_destructors() (previously declared in K:\\ArcherVMPeridot\\php\\pear\\PEAR.php:735) at K:\\ArcherVMPeridot\\htdocs\\owncloud-serv\\3rdparty\\PEAR.php#777","level":3,"time":"2014-09-20T23:48:39+00:00"}
{"app":"PHP","message":"Cannot redeclare _PEAR_call_destructors() (previously declared in K:\\ArcherVMPeridot\\php\\pear\\PEAR.php:735) at K:\\ArcherVMPeridot\\htdocs\\owncloud-serv\\3rdparty\\PEAR.php#777","level":3,"time":"2014-09-20T23:48:48+00:00"}
{"app":"PHP","message":"Cannot redeclare _PEAR_call_destructors() (previously declared in K:\\ArcherVMPeridot\\php\\pear\\PEAR.php:735) at K:\\ArcherVMPeridot\\htdocs\\owncloud-serv\\3rdparty\\PEAR.php#777","level":3,"time":"2014-09-20T23:48:53+00:00"}
{"app":"PHP","message":"Cannot redeclare _PEAR_call_destructors() (previously declared in K:\\ArcherVMPeridot\\php\\pear\\PEAR.php:735) at K:\\ArcherVMPeridot\\htdocs\\owncloud-serv\\3rdparty\\PEAR.php#777","level":3,"time":"2014-09-20T23:49:25+00:00"}
{"app":"PHP","message":"Cannot redeclare _PEAR_call_destructors() (previously declared in K:\\ArcherVMPeridot\\php\\pear\\PEAR.php:735) at K:\\ArcherVMPeridot\\htdocs\\owncloud-serv\\3rdparty\\PEAR.php#777","level":3,"time":"2014-09-20T23:50:17+00:00"}
{"app":"PHP","message":"Cannot redeclare _PEAR_call_destructors() (previously declared in K:\\ArcherVMPeridot\\php\\pear\\PEAR.php:735) at K:\\ArcherVMPeridot\\htdocs\\owncloud-serv\\3rdparty\\PEAR.php#777","level":3,"time":"2014-09-20T23:50:59+00:00"}
{"app":"PHP","message":"Cannot redeclare _PEAR_call_destructors() (previously declared in K:\\ArcherVMPeridot\\php\\pear\\PEAR.php:735) at K:\\ArcherVMPeridot\\htdocs\\owncloud-serv\\3rdparty\\PEAR.php#777","level":3,"time":"2014-09-20T23:52:43+00:00"}
{"app":"PHP","message":"Cannot redeclare _PEAR_call_destructors() (previously declared in K:\\ArcherVMPeridot\\php\\pear\\PEAR.php:735) at K:\\ArcherVMPeridot\\htdocs\\owncloud-serv\\3rdparty\\PEAR.php#777","level":3,"time":"2014-09-21T00:25:29+00:00"}
{"app":"PHP","message":"Cannot redeclare _PEAR_call_destructors() (previously declared in K:\\ArcherVMPeridot\\php\\pear\\PEAR.php:735) at K:\\ArcherVMPeridot\\htdocs\\owncloud-serv\\3rdparty\\PEAR.php#777","level":3,"time":"2014-09-21T00:26:42+00:00"}
{"app":"PHP","message":"Cannot redeclare _PEAR_call_destructors() (previously declared in K:\\ArcherVMPeridot\\php\\pear\\PEAR.php:735) at K:\\ArcherVMPeridot\\htdocs\\owncloud-serv\\3rdparty\\PEAR.php#777","level":3,"time":"2014-09-21T00:31:08+00:00"}
{"app":"PHP","message":"Cannot redeclare _PEAR_call_destructors() (previously declared in K:\\ArcherVMPeridot\\php\\pear\\PEAR.php:735) at K:\\ArcherVMPeridot\\htdocs\\owncloud-serv\\3rdparty\\PEAR.php#777","level":3,"time":"2014-09-21T00:31:31+00:00"}
{"app":"PHP","message":"Cannot redeclare _PEAR_call_destructors() (previously declared in K:\\ArcherVMPeridot\\php\\pear\\PEAR.php:735) at K:\\ArcherVMPeridot\\htdocs\\owncloud-serv\\3rdparty\\PEAR.php#777","level":3,"time":"2014-09-21T00:33:40+00:00"}
{"app":"PHP","message":"Cannot redeclare _PEAR_call_destructors() (previously declared in K:\\ArcherVMPeridot\\php\\pear\\PEAR.php:735) at K:\\ArcherVMPeridot\\htdocs\\owncloud-serv\\3rdparty\\PEAR.php#777","level":3,"time":"2014-09-21T00:38:50+00:00"}
{"app":"PHP","message":"Cannot redeclare _PEAR_call_destructors() (previously declared in K:\\ArcherVMPeridot\\php\\pear\\PEAR.php:735) at K:\\ArcherVMPeridot\\htdocs\\owncloud-serv\\3rdparty\\PEAR.php#777","level":3,"time":"2014-09-21T00:41:15+00:00"}
{"app":"PHP","message":"Cannot redeclare _PEAR_call_destructors() (previously declared in K:\\ArcherVMPeridot\\php\\pear\\PEAR.php:735) at K:\\ArcherVMPeridot\\htdocs\\owncloud-serv\\3rdparty\\PEAR.php#777","level":3,"time":"2014-09-21T00:42:13+00:00"}
{"app":"PHP","message":"Cannot redeclare _PEAR_call_destructors() (previously declared in K:\\ArcherVMPeridot\\php\\pear\\PEAR.php:735) at K:\\ArcherVMPeridot\\htdocs\\owncloud-serv\\3rdparty\\PEAR.php#777","level":3,"time":"2014-09-21T00:45:47+00:00"}
{"app":"PHP","message":"Cannot redeclare _PEAR_call_destructors() (previously declared in K:\\ArcherVMPeridot\\php\\pear\\PEAR.php:735) at K:\\ArcherVMPeridot\\htdocs\\owncloud-serv\\3rdparty\\PEAR.php#777","level":3,"time":"2014-09-21T00:54:55+00:00"}
{"app":"PHP","message":"Class 'OCA\\Encryption\\Session' not found at K:\\ArcherVMPeridot\\htdocs\\owncloud-serv\\apps\\files\\index.php#71","level":3,"time":"2014-09-21T00:58:31+00:00"}
{"app":"PHP","message":"Class 'OCA\\Encryption\\Session' not found at K:\\ArcherVMPeridot\\htdocs\\owncloud-serv\\apps\\files\\index.php#71","level":3,"time":"2014-09-21T01:01:02+00:00"}
{"app":"PHP","message":"Class 'OCA\\Encryption\\Session' not found at K:\\ArcherVMPeridot\\htdocs\\owncloud-serv\\apps\\files\\index.php#71","level":3,"time":"2014-09-21T01:01:43+00:00"}
{"app":"PHP","message":"Class 'OCA\\Encryption\\Session' not found at K:\\ArcherVMPeridot\\htdocs\\owncloud-serv\\apps\\files\\index.php#71","level":3,"time":"2014-09-21T01:03:21+00:00"}
{"app":"PHP","message":"Cannot redeclare _PEAR_call_destructors() (previously declared in K:\\ArcherVMPeridot\\php\\pear\\PEAR.php:735) at K:\\ArcherVMPeridot\\htdocs\\owncloud-serv\\3rdparty\\PEAR.php#777","level":3,"time":"2014-09-21T01:09:04+00:00"}
{"app":"core","message":"Unable to parse OCS content for app 166038","level":4,"time":"2014-09-21T01:26:14+00:00"}
{"app":"core","message":"Unable to parse OCS content for app 166043","level":4,"time":"2014-09-21T01:26:15+00:00"}
{"app":"core","message":"Unable to parse OCS content for app 166044","level":4,"time":"2014-09-21T01:26:16+00:00"}
{"app":"core","message":"Unable to parse OCS content for app 166045","level":4,"time":"2014-09-21T01:26:17+00:00"}
{"app":"core","message":"Unable to parse OCS content for app 166049","level":4,"time":"2014-09-21T01:26:18+00:00"}
{"app":"core","message":"Unable to parse OCS content for app 166050","level":4,"time":"2014-09-21T01:26:19+00:00"}
{"app":"core","message":"Unable to parse OCS content for app 166051","level":4,"time":"2014-09-21T01:26:20+00:00"}
{"app":"core","message":"Unable to parse OCS content for app 166052","level":4,"time":"2014-09-21T01:26:21+00:00"}
{"app":"core","message":"Unable to parse OCS content for app 166053","level":4,"time":"2014-09-21T01:26:21+00:00"}
{"app":"core","message":"Unable to parse OCS content for app 166054","level":4,"time":"2014-09-21T01:26:22+00:00"}
{"app":"core","message":"Unable to parse OCS content for app 166055","level":4,"time":"2014-09-21T01:26:23+00:00"}
{"app":"core","message":"Unable to parse OCS content for app 166056","level":4,"time":"2014-09-21T01:26:24+00:00"}
{"app":"core","message":"Unable to parse OCS content for app 166057","level":4,"time":"2014-09-21T01:26:24+00:00"}
{"app":"core","message":"Unable to parse OCS content for app 166059","level":4,"time":"2014-09-21T01:26:25+00:00"}
{"app":"core","message":"Unable to parse OCS content for app 166038","level":4,"time":"2014-09-21T01:26:35+00:00"}
{"app":"core","message":"Unable to parse OCS content for app 166043","level":4,"time":"2014-09-21T01:26:36+00:00"}
{"app":"core","message":"Unable to parse OCS content for app 166044","level":4,"time":"2014-09-21T01:26:37+00:00"}
{"app":"core","message":"Unable to parse OCS content for app 166045","level":4,"time":"2014-09-21T01:26:37+00:00"}
{"app":"core","message":"Unable to parse OCS content for app 166049","level":4,"time":"2014-09-21T01:26:38+00:00"}
{"app":"core","message":"Unable to parse OCS content for app 166050","level":4,"time":"2014-09-21T01:26:39+00:00"}
{"app":"core","message":"Unable to parse OCS content for app 166051","level":4,"time":"2014-09-21T01:26:40+00:00"}
{"app":"core","message":"Unable to parse OCS content for app 166052","level":4,"time":"2014-09-21T01:26:40+00:00"}
{"app":"core","message":"Unable to parse OCS content for app 166053","level":4,"time":"2014-09-21T01:26:41+00:00"}
{"app":"core","message":"Unable to parse OCS content for app 166054","level":4,"time":"2014-09-21T01:26:42+00:00"}
{"app":"core","message":"Unable to parse OCS content for app 166055","level":4,"time":"2014-09-21T01:26:43+00:00"}
{"app":"core","message":"Unable to parse OCS content for app 166056","level":4,"time":"2014-09-21T01:26:43+00:00"}
{"app":"core","message":"Unable to parse OCS content for app 166057","level":4,"time":"2014-09-21T01:26:44+00:00"}
{"app":"core","message":"Unable to parse OCS content for app 166059","level":4,"time":"2014-09-21T01:26:45+00:00"}
{"app":"core","message":"Unable to parse OCS content for app user_ldap","level":4,"time":"2014-09-21T01:27:10+00:00"}
{"app":"core","message":"Unable to parse OCS content for app user_external","level":4,"time":"2014-09-21T01:27:24+00:00"}
{"app":"core","message":"Unable to parse OCS content for app admin_dependencies_chk","level":4,"time":"2014-09-21T01:28:07+00:00"}
{"app":"core","message":"Unable to parse OCS content for app files_external","level":4,"time":"2014-09-21T01:28:11+00:00"}
{"app":"core","message":"Unable to parse OCS content for app user_webdavauth","level":4,"time":"2014-09-21T01:28:21+00:00"}
{"app":"user_ldap","message":"user_ldap and user_webdavauth are incompatible. You may experience unexpected behaviour","level":2,"time":"2014-09-21T01:28:23+00:00"}
{"app":"core","message":"Unable to parse OCS content for app external","level":4,"time":"2014-09-21T01:28:26+00:00"}
{"app":"user_ldap","message":"user_ldap and user_webdavauth are incompatible. You may experience unexpected behaviour","level":2,"time":"2014-09-21T01:28:28+00:00"}
{"app":"user_ldap","message":"user_ldap and user_webdavauth are incompatible. You may experience unexpected behaviour","level":2,"time":"2014-09-21T01:28:32+00:00"}
{"app":"user_ldap","message":"user_ldap and user_webdavauth are incompatible. You may experience unexpected behaviour","level":2,"time":"2014-09-21T01:28:36+00:00"}
{"app":"user_ldap","message":"user_ldap and user_webdavauth are incompatible. You may experience unexpected behaviour","level":2,"time":"2014-09-21T01:28:41+00:00"}
{"app":"core","message":"Unable to parse OCS content for app bookmarks","level":4,"time":"2014-09-21T01:28:44+00:00"}
{"app":"user_ldap","message":"user_ldap and user_webdavauth are incompatible. You may experience unexpected behaviour","level":2,"time":"2014-09-21T01:28:51+00:00"}
{"app":"user_ldap","message":"user_ldap and user_webdavauth are incompatible. You may experience unexpected behaviour","level":2,"time":"2014-09-21T01:40:54+00:00"}
{"app":"user_ldap","message":"user_ldap and user_webdavauth are incompatible. You may experience unexpected behaviour","level":2,"time":"2014-09-21T01:52:30+00:00"}
{"app":"user_ldap","message":"user_ldap and user_webdavauth are incompatible. You may experience unexpected behaviour","level":2,"time":"2014-09-21T02:05:51+00:00"}
