2014-09-21 21:42:57 Error: Fatal Error (4): syntax error, unexpected ':', expecting ')' in [K:\ArcherVMPeridot\htdocs\cakemod\Config\database.php, line 17]
2014-09-21 21:42:57 Error: [FatalErrorException] syntax error, unexpected ':', expecting ')'
Request URL: /cakemod/
Stack Trace:
#0 K:\ArcherVMPeridot\php\pear\Cake\Error\ErrorHandler.php(203): ErrorHandler::handleFatalError(4, 'syntax error, u...', 'K:\\ArcherVMPeri...', 17)
#1 [internal function]: ErrorHandler::handleError(4, 'syntax error, u...', 'K:\\ArcherVMPeri...', 17, Array)
#2 K:\ArcherVMPeridot\php\pear\Cake\Core\App.php(931): call_user_func('ErrorHandler::h...', 4, 'syntax error, u...', 'K:\\ArcherVMPeri...', 17, Array)
#3 K:\ArcherVMPeridot\php\pear\Cake\Core\App.php(904): App::_checkFatalError()
#4 [internal function]: App::shutdown()
#5 {main}
2014-09-21 21:43:12 Error: Fatal Error (4): syntax error, unexpected ':', expecting ')' in [K:\ArcherVMPeridot\htdocs\cakemod\Config\database.php, line 17]
2014-09-21 21:43:12 Error: [FatalErrorException] syntax error, unexpected ':', expecting ')'
Request URL: /cakemod/
Stack Trace:
#0 K:\ArcherVMPeridot\php\pear\Cake\Error\ErrorHandler.php(203): ErrorHandler::handleFatalError(4, 'syntax error, u...', 'K:\\ArcherVMPeri...', 17)
#1 [internal function]: ErrorHandler::handleError(4, 'syntax error, u...', 'K:\\ArcherVMPeri...', 17, Array)
#2 K:\ArcherVMPeridot\php\pear\Cake\Core\App.php(931): call_user_func('ErrorHandler::h...', 4, 'syntax error, u...', 'K:\\ArcherVMPeri...', 17, Array)
#3 K:\ArcherVMPeridot\php\pear\Cake\Core\App.php(904): App::_checkFatalError()
#4 [internal function]: App::shutdown()
#5 {main}
2014-09-21 23:14:47 Error: Fatal Error (4): syntax error, unexpected '}' in [K:\ArcherVMPeridot\htdocs\cakemod\Controller\PostsController.php, line 26]
2014-09-21 23:14:48 Error: [FatalErrorException] syntax error, unexpected '}'
Request URL: /cakemod/posts
Stack Trace:
#0 K:\ArcherVMPeridot\php\pear\Cake\Error\ErrorHandler.php(203): ErrorHandler::handleFatalError(4, 'syntax error, u...', 'K:\\ArcherVMPeri...', 26)
#1 [internal function]: ErrorHandler::handleError(4, 'syntax error, u...', 'K:\\ArcherVMPeri...', 26, Array)
#2 K:\ArcherVMPeridot\php\pear\Cake\Core\App.php(931): call_user_func('ErrorHandler::h...', 4, 'syntax error, u...', 'K:\\ArcherVMPeri...', 26, Array)
#3 K:\ArcherVMPeridot\php\pear\Cake\Core\App.php(904): App::_checkFatalError()
#4 [internal function]: App::shutdown()
#5 {main}
2014-09-21 23:15:08 Error: [MissingViewException] View file "K:\ArcherVMPeridot\htdocs\cakemod\View\Posts\index.ctp" is missing.
Exception Attributes: array (
  'file' => 'K:\\ArcherVMPeridot\\htdocs\\cakemod\\View\\Posts\\index.ctp',
)
Request URL: /cakemod/posts
Stack Trace:
#0 K:\ArcherVMPeridot\php\pear\Cake\View\View.php(468): View->_getViewFileName(NULL)
#1 K:\ArcherVMPeridot\php\pear\Cake\Controller\Controller.php(954): View->render(NULL, NULL)
#2 K:\ArcherVMPeridot\php\pear\Cake\Routing\Dispatcher.php(198): Controller->render()
#3 K:\ArcherVMPeridot\php\pear\Cake\Routing\Dispatcher.php(165): Dispatcher->_invoke(Object(PostsController), Object(CakeRequest))
#4 K:\ArcherVMPeridot\htdocs\cakemod\webroot\index.php(99): Dispatcher->dispatch(Object(CakeRequest), Object(CakeResponse))
#5 {main}
2014-09-21 23:15:53 Error: [MissingViewException] View file "K:\ArcherVMPeridot\htdocs\cakemod\View\Posts\index.ctp" is missing.
Exception Attributes: array (
  'file' => 'K:\\ArcherVMPeridot\\htdocs\\cakemod\\View\\Posts\\index.ctp',
)
Request URL: /cakemod/posts
Stack Trace:
#0 K:\ArcherVMPeridot\php\pear\Cake\View\View.php(468): View->_getViewFileName(NULL)
#1 K:\ArcherVMPeridot\php\pear\Cake\Controller\Controller.php(954): View->render(NULL, NULL)
#2 K:\ArcherVMPeridot\php\pear\Cake\Routing\Dispatcher.php(198): Controller->render()
#3 K:\ArcherVMPeridot\php\pear\Cake\Routing\Dispatcher.php(165): Dispatcher->_invoke(Object(PostsController), Object(CakeRequest))
#4 K:\ArcherVMPeridot\htdocs\cakemod\webroot\index.php(99): Dispatcher->dispatch(Object(CakeRequest), Object(CakeResponse))
#5 {main}
2014-09-21 23:26:32 Error: [MissingControllerException] Controller class ViewController could not be found.
Exception Attributes: array (
  'class' => 'ViewController',
  'plugin' => NULL,
)
Request URL: /cakemod/posts/view/1
Stack Trace:
#0 K:\ArcherVMPeridot\htdocs\cakemod\webroot\index.php(99): Dispatcher->dispatch(Object(CakeRequest), Object(CakeResponse))
#1 {main}
2014-09-21 23:27:53 Error: [MissingActionException] Action ViewController::posts_1() could not be found.
Exception Attributes: array (
  'controller' => 'ViewController',
  'action' => 'posts_1',
)
Request URL: /cakemod/posts/view/1
Stack Trace:
#0 K:\ArcherVMPeridot\php\pear\Cake\Routing\Dispatcher.php(191): Controller->invokeAction(Object(CakeRequest))
#1 K:\ArcherVMPeridot\php\pear\Cake\Routing\Dispatcher.php(165): Dispatcher->_invoke(Object(ViewController), Object(CakeRequest))
#2 K:\ArcherVMPeridot\htdocs\cakemod\webroot\index.php(99): Dispatcher->dispatch(Object(CakeRequest), Object(CakeResponse))
#3 {main}
2014-09-21 23:34:10 Error: [MissingActionException] Action ViewController::posts_1() could not be found.
Exception Attributes: array (
  'controller' => 'ViewController',
  'action' => 'posts_1',
)
Request URL: /cakemod/posts/view/1
Stack Trace:
#0 K:\ArcherVMPeridot\php\pear\Cake\Routing\Dispatcher.php(191): Controller->invokeAction(Object(CakeRequest))
#1 K:\ArcherVMPeridot\php\pear\Cake\Routing\Dispatcher.php(165): Dispatcher->_invoke(Object(ViewController), Object(CakeRequest))
#2 K:\ArcherVMPeridot\htdocs\cakemod\webroot\index.php(99): Dispatcher->dispatch(Object(CakeRequest), Object(CakeResponse))
#3 {main}
2014-09-21 23:35:56 Error: [MissingActionException] Action ViewController::posts_1() could not be found.
Exception Attributes: array (
  'controller' => 'ViewController',
  'action' => 'posts_1',
)
Request URL: /cakemod/posts/view/1
Stack Trace:
#0 K:\ArcherVMPeridot\php\pear\Cake\Routing\Dispatcher.php(191): Controller->invokeAction(Object(CakeRequest))
#1 K:\ArcherVMPeridot\php\pear\Cake\Routing\Dispatcher.php(165): Dispatcher->_invoke(Object(ViewController), Object(CakeRequest))
#2 K:\ArcherVMPeridot\htdocs\cakemod\webroot\index.php(99): Dispatcher->dispatch(Object(CakeRequest), Object(CakeResponse))
#3 {main}
2014-09-21 23:36:30 Error: [MissingControllerException] Controller class PostsController could not be found.
Exception Attributes: array (
  'class' => 'PostsController',
  'plugin' => NULL,
)
Request URL: /cakemod/posts
Stack Trace:
#0 K:\ArcherVMPeridot\htdocs\cakemod\webroot\index.php(99): Dispatcher->dispatch(Object(CakeRequest), Object(CakeResponse))
#1 {main}
2014-09-21 23:38:09 Error: [MissingActionException] Action ViewController::posts_1() could not be found.
Exception Attributes: array (
  'controller' => 'ViewController',
  'action' => 'posts_1',
)
Request URL: /cakemod/posts/view/1
Stack Trace:
#0 K:\ArcherVMPeridot\php\pear\Cake\Routing\Dispatcher.php(191): Controller->invokeAction(Object(CakeRequest))
#1 K:\ArcherVMPeridot\php\pear\Cake\Routing\Dispatcher.php(165): Dispatcher->_invoke(Object(ViewController), Object(CakeRequest))
#2 K:\ArcherVMPeridot\htdocs\cakemod\webroot\index.php(99): Dispatcher->dispatch(Object(CakeRequest), Object(CakeResponse))
#3 {main}
2014-09-21 23:39:34 Error: [MissingActionException] Action ViewController::posts_1() could not be found.
Exception Attributes: array (
  'controller' => 'ViewController',
  'action' => 'posts_1',
)
Request URL: /cakemod/posts/view/1
Stack Trace:
#0 K:\ArcherVMPeridot\php\pear\Cake\Routing\Dispatcher.php(191): Controller->invokeAction(Object(CakeRequest))
#1 K:\ArcherVMPeridot\php\pear\Cake\Routing\Dispatcher.php(165): Dispatcher->_invoke(Object(ViewController), Object(CakeRequest))
#2 K:\ArcherVMPeridot\htdocs\cakemod\webroot\index.php(99): Dispatcher->dispatch(Object(CakeRequest), Object(CakeResponse))
#3 {main}
2014-09-21 23:41:46 Error: [MissingActionException] Action ViewController::posts_1() could not be found.
Exception Attributes: array (
  'controller' => 'ViewController',
  'action' => 'posts_1',
)
Request URL: /cakemod/posts/view/1
Stack Trace:
#0 K:\ArcherVMPeridot\php\pear\Cake\Routing\Dispatcher.php(191): Controller->invokeAction(Object(CakeRequest))
#1 K:\ArcherVMPeridot\php\pear\Cake\Routing\Dispatcher.php(165): Dispatcher->_invoke(Object(ViewController), Object(CakeRequest))
#2 K:\ArcherVMPeridot\htdocs\cakemod\webroot\index.php(99): Dispatcher->dispatch(Object(CakeRequest), Object(CakeResponse))
#3 {main}
2014-09-21 23:44:58 Error: Fatal Error (1): Maximum execution time of 60 seconds exceeded in [K:\ArcherVMPeridot\php\pear\Cake\Model\Datasource\DboSource.php, line 458]
2014-09-21 23:45:00 Error: [FatalErrorException] Maximum execution time of 60 seconds exceeded
Request URL: /cakemod/posts
Stack Trace:
#0 K:\ArcherVMPeridot\php\pear\Cake\Error\ErrorHandler.php(203): ErrorHandler::handleFatalError(1, 'Maximum executi...', 'K:\\ArcherVMPeri...', 458)
#1 [internal function]: ErrorHandler::handleError(1, 'Maximum executi...', 'K:\\ArcherVMPeri...', 458, Array)
#2 K:\ArcherVMPeridot\php\pear\Cake\Core\App.php(931): call_user_func('ErrorHandler::h...', 1, 'Maximum executi...', 'K:\\ArcherVMPeri...', 458, Array)
#3 K:\ArcherVMPeridot\php\pear\Cake\Core\App.php(904): App::_checkFatalError()
#4 [internal function]: App::shutdown()
#5 {main}
2014-09-21 23:46:33 Error: Fatal Error (1): Maximum execution time of 60 seconds exceeded in [K:\ArcherVMPeridot\php\pear\Cake\Model\Datasource\DboSource.php, line 458]
2014-09-21 23:46:34 Error: [FatalErrorException] Maximum execution time of 60 seconds exceeded
Request URL: /cakemod/posts
Stack Trace:
#0 K:\ArcherVMPeridot\php\pear\Cake\Error\ErrorHandler.php(203): ErrorHandler::handleFatalError(1, 'Maximum executi...', 'K:\\ArcherVMPeri...', 458)
#1 [internal function]: ErrorHandler::handleError(1, 'Maximum executi...', 'K:\\ArcherVMPeri...', 458, Array)
#2 K:\ArcherVMPeridot\php\pear\Cake\Core\App.php(931): call_user_func('ErrorHandler::h...', 1, 'Maximum executi...', 'K:\\ArcherVMPeri...', 458, Array)
#3 K:\ArcherVMPeridot\php\pear\Cake\Core\App.php(904): App::_checkFatalError()
#4 [internal function]: App::shutdown()
#5 {main}
2014-09-21 23:50:22 Error: Fatal Error (1): Maximum execution time of 60 seconds exceeded in [K:\ArcherVMPeridot\php\pear\Cake\Model\Datasource\Database\Mysql.php, line 178]
2014-09-21 23:50:26 Error: [FatalErrorException] Maximum execution time of 60 seconds exceeded
Request URL: /cakemod/posts
Stack Trace:
#0 K:\ArcherVMPeridot\php\pear\Cake\Error\ErrorHandler.php(203): ErrorHandler::handleFatalError(1, 'Maximum executi...', 'K:\\ArcherVMPeri...', 178)
#1 [internal function]: ErrorHandler::handleError(1, 'Maximum executi...', 'K:\\ArcherVMPeri...', 178, Array)
#2 K:\ArcherVMPeridot\php\pear\Cake\Core\App.php(931): call_user_func('ErrorHandler::h...', 1, 'Maximum executi...', 'K:\\ArcherVMPeri...', 178, Array)
#3 K:\ArcherVMPeridot\php\pear\Cake\Core\App.php(904): App::_checkFatalError()
#4 [internal function]: App::shutdown()
#5 {main}
2014-09-21 23:54:03 Error: Fatal Error (1): Maximum execution time of 60 seconds exceeded in [K:\ArcherVMPeridot\php\pear\Cake\Model\Datasource\DboSource.php, line 458]
2014-09-21 23:54:04 Error: [FatalErrorException] Maximum execution time of 60 seconds exceeded
Request URL: /cakemod/posts
Stack Trace:
#0 K:\ArcherVMPeridot\php\pear\Cake\Error\ErrorHandler.php(203): ErrorHandler::handleFatalError(1, 'Maximum executi...', 'K:\\ArcherVMPeri...', 458)
#1 [internal function]: ErrorHandler::handleError(1, 'Maximum executi...', 'K:\\ArcherVMPeri...', 458, Array)
#2 K:\ArcherVMPeridot\php\pear\Cake\Core\App.php(931): call_user_func('ErrorHandler::h...', 1, 'Maximum executi...', 'K:\\ArcherVMPeri...', 458, Array)
#3 K:\ArcherVMPeridot\php\pear\Cake\Core\App.php(904): App::_checkFatalError()
#4 [internal function]: App::shutdown()
#5 {main}
2014-09-21 23:55:58 Error: [MissingActionException] Action ViewController::posts_1() could not be found.
Exception Attributes: array (
  'controller' => 'ViewController',
  'action' => 'posts_1',
)
Request URL: /cakemod/posts/view/1
Stack Trace:
#0 K:\ArcherVMPeridot\php\pear\Cake\Routing\Dispatcher.php(191): Controller->invokeAction(Object(CakeRequest))
#1 K:\ArcherVMPeridot\php\pear\Cake\Routing\Dispatcher.php(165): Dispatcher->_invoke(Object(ViewController), Object(CakeRequest))
#2 K:\ArcherVMPeridot\htdocs\cakemod\webroot\index.php(99): Dispatcher->dispatch(Object(CakeRequest), Object(CakeResponse))
#3 {main}
2014-09-21 23:57:38 Error: [MissingActionException] Action ViewController::posts_1() could not be found.
Exception Attributes: array (
  'controller' => 'ViewController',
  'action' => 'posts_1',
)
Request URL: /cakemod/posts/view/1
Stack Trace:
#0 K:\ArcherVMPeridot\php\pear\Cake\Routing\Dispatcher.php(191): Controller->invokeAction(Object(CakeRequest))
#1 K:\ArcherVMPeridot\php\pear\Cake\Routing\Dispatcher.php(165): Dispatcher->_invoke(Object(ViewController), Object(CakeRequest))
#2 K:\ArcherVMPeridot\htdocs\cakemod\webroot\index.php(99): Dispatcher->dispatch(Object(CakeRequest), Object(CakeResponse))
#3 {main}
2014-09-21 23:58:18 Error: [MissingViewException] View file "K:\ArcherVMPeridot\htdocs\cakemod\View\View\posts_1.ctp" is missing.
Exception Attributes: array (
  'file' => 'K:\\ArcherVMPeridot\\htdocs\\cakemod\\View\\View\\posts_1.ctp',
)
Request URL: /cakemod/posts/view/1
Stack Trace:
#0 K:\ArcherVMPeridot\php\pear\Cake\View\View.php(468): View->_getViewFileName(NULL)
#1 K:\ArcherVMPeridot\php\pear\Cake\Controller\Controller.php(954): View->render(NULL, NULL)
#2 K:\ArcherVMPeridot\php\pear\Cake\Routing\Dispatcher.php(198): Controller->render()
#3 K:\ArcherVMPeridot\php\pear\Cake\Routing\Dispatcher.php(165): Dispatcher->_invoke(Object(ViewController), Object(CakeRequest))
#4 K:\ArcherVMPeridot\htdocs\cakemod\webroot\index.php(99): Dispatcher->dispatch(Object(CakeRequest), Object(CakeResponse))
#5 {main}
2014-09-21 23:59:24 Error: [MissingViewException] View file "K:\ArcherVMPeridot\htdocs\cakemod\View\View\posts_1.ctp" is missing.
Exception Attributes: array (
  'file' => 'K:\\ArcherVMPeridot\\htdocs\\cakemod\\View\\View\\posts_1.ctp',
)
Request URL: /cakemod/posts/view/1
Stack Trace:
#0 K:\ArcherVMPeridot\php\pear\Cake\View\View.php(468): View->_getViewFileName(NULL)
#1 K:\ArcherVMPeridot\php\pear\Cake\Controller\Controller.php(954): View->render(NULL, NULL)
#2 K:\ArcherVMPeridot\php\pear\Cake\Routing\Dispatcher.php(198): Controller->render()
#3 K:\ArcherVMPeridot\php\pear\Cake\Routing\Dispatcher.php(165): Dispatcher->_invoke(Object(ViewController), Object(CakeRequest))
#4 K:\ArcherVMPeridot\htdocs\cakemod\webroot\index.php(99): Dispatcher->dispatch(Object(CakeRequest), Object(CakeResponse))
#5 {main}
2014-09-22 00:01:03 Error: [MissingActionException] Action ViewController::posts_2() could not be found.
Exception Attributes: array (
  'controller' => 'ViewController',
  'action' => 'posts_2',
)
Request URL: /cakemod/posts/view/2
Stack Trace:
#0 K:\ArcherVMPeridot\php\pear\Cake\Routing\Dispatcher.php(191): Controller->invokeAction(Object(CakeRequest))
#1 K:\ArcherVMPeridot\php\pear\Cake\Routing\Dispatcher.php(165): Dispatcher->_invoke(Object(ViewController), Object(CakeRequest))
#2 K:\ArcherVMPeridot\htdocs\cakemod\webroot\index.php(99): Dispatcher->dispatch(Object(CakeRequest), Object(CakeResponse))
#3 {main}
2014-09-22 00:07:15 Error: [MissingViewException] View file "K:\ArcherVMPeridot\htdocs\cakemod\View\View\posts_2.ctp" is missing.
Exception Attributes: array (
  'file' => 'K:\\ArcherVMPeridot\\htdocs\\cakemod\\View\\View\\posts_2.ctp',
)
Request URL: /cakemod/posts/view/2
Stack Trace:
#0 K:\ArcherVMPeridot\php\pear\Cake\View\View.php(468): View->_getViewFileName(NULL)
#1 K:\ArcherVMPeridot\php\pear\Cake\Controller\Controller.php(954): View->render(NULL, NULL)
#2 K:\ArcherVMPeridot\php\pear\Cake\Routing\Dispatcher.php(198): Controller->render()
#3 K:\ArcherVMPeridot\php\pear\Cake\Routing\Dispatcher.php(165): Dispatcher->_invoke(Object(ViewController), Object(CakeRequest))
#4 K:\ArcherVMPeridot\htdocs\cakemod\webroot\index.php(99): Dispatcher->dispatch(Object(CakeRequest), Object(CakeResponse))
#5 {main}
2014-09-22 00:07:42 Error: [MissingViewException] View file "K:\ArcherVMPeridot\htdocs\cakemod\View\View\posts_2.ctp" is missing.
Exception Attributes: array (
  'file' => 'K:\\ArcherVMPeridot\\htdocs\\cakemod\\View\\View\\posts_2.ctp',
)
Request URL: /cakemod/posts/view/2
Stack Trace:
#0 K:\ArcherVMPeridot\php\pear\Cake\View\View.php(468): View->_getViewFileName(NULL)
#1 K:\ArcherVMPeridot\php\pear\Cake\Controller\Controller.php(954): View->render(NULL, NULL)
#2 K:\ArcherVMPeridot\php\pear\Cake\Routing\Dispatcher.php(198): Controller->render()
#3 K:\ArcherVMPeridot\php\pear\Cake\Routing\Dispatcher.php(165): Dispatcher->_invoke(Object(ViewController), Object(CakeRequest))
#4 K:\ArcherVMPeridot\htdocs\cakemod\webroot\index.php(99): Dispatcher->dispatch(Object(CakeRequest), Object(CakeResponse))
#5 {main}
2014-09-22 00:11:18 Error: [MissingControllerException] Controller class PagesController could not be found.
Exception Attributes: array (
  'class' => 'PagesController',
  'plugin' => NULL,
)
Request URL: /cakemod/
Stack Trace:
#0 K:\ArcherVMPeridot\htdocs\cakemod\webroot\index.php(99): Dispatcher->dispatch(Object(CakeRequest), Object(CakeResponse))
#1 {main}
2014-09-22 00:20:08 Error: [MissingControllerException] Controller class PagesController could not be found.
Exception Attributes: array (
  'class' => 'PagesController',
  'plugin' => NULL,
)
Request URL: /cakemod/
Stack Trace:
#0 K:\ArcherVMPeridot\htdocs\cakemod\webroot\index.php(99): Dispatcher->dispatch(Object(CakeRequest), Object(CakeResponse))
#1 {main}
